<?xml version="1.0" encoding="UTF-8"?>
<!-- Generated by org.testng.reporters.JUnitXMLReporter -->
<testsuite ignored="0" hostname="Vipuls-MacBook-Air.local" failures="0" tests="10" name="Default test" time="0.033" errors="0" timestamp="2022-11-11T18:44:26 IST">
  <testcase classname="TestNGConcepts.T_08_InvocationCountConcept" name="printNumber" time="0.004"/>
  <testcase classname="TestNGConcepts.T_08_InvocationCountConcept" name="printNumber" time="0.001"/>
  <testcase classname="TestNGConcepts.T_08_InvocationCountConcept" name="printNumber" time="0.001"/>
  <testcase classname="TestNGConcepts.T_08_InvocationCountConcept" name="printNumber" time="0.0"/>
  <testcase classname="TestNGConcepts.T_08_InvocationCountConcept" name="printNumber" time="0.001"/>
  <testcase classname="TestNGConcepts.T_08_InvocationCountConcept" name="printNumber" time="0.001"/>
  <testcase classname="TestNGConcepts.T_08_InvocationCountConcept" name="printNumber" time="0.0"/>
  <testcase classname="TestNGConcepts.T_08_InvocationCountConcept" name="printNumber" time="0.0"/>
  <testcase classname="TestNGConcepts.T_08_InvocationCountConcept" name="printNumber" time="0.0"/>
  <testcase classname="TestNGConcepts.T_08_InvocationCountConcept" name="printNumber" time="0.001"/>
</testsuite> <!-- Default test -->
