<?xml version="1.0" encoding="UTF-8"?>
<testng-results ignored="0" total="1" passed="1" failed="0" skipped="0">
  <reporter-output>
  </reporter-output>
  <suite started-at="2022-11-10T22:41:50 IST" name="Default suite" finished-at="2022-11-10T22:41:52 IST" duration-ms="2722">
    <groups>
    </groups>
    <test started-at="2022-11-10T22:41:50 IST" name="Default test" finished-at="2022-11-10T22:41:52 IST" duration-ms="2722">
      <class name="ApplicationTest.T_04_SampleTest">
        <test-method is-config="true" signature="setup()[pri:0, instance:ApplicationTest.T_04_SampleTest@6fdbe764]" started-at="2022-11-10T22:41:50 IST" name="setup" finished-at="2022-11-10T22:41:52 IST" duration-ms="2571" status="PASS">
          <reporter-output>
          </reporter-output>
        </test-method> <!-- setup -->
        <test-method signature="searchFieldTest()[pri:0, instance:ApplicationTest.T_04_SampleTest@6fdbe764]" started-at="2022-11-10T22:41:52 IST" name="searchFieldTest" finished-at="2022-11-10T22:41:52 IST" duration-ms="23" status="PASS">
          <reporter-output>
          </reporter-output>
        </test-method> <!-- searchFieldTest -->
        <test-method is-config="true" signature="tearDown()[pri:0, instance:ApplicationTest.T_04_SampleTest@6fdbe764]" started-at="2022-11-10T22:41:52 IST" name="tearDown" finished-at="2022-11-10T22:41:52 IST" duration-ms="111" status="PASS">
          <reporter-output>
          </reporter-output>
        </test-method> <!-- tearDown -->
      </class> <!-- ApplicationTest.T_04_SampleTest -->
    </test> <!-- Default test -->
  </suite> <!-- Default suite -->
</testng-results>
