<?xml version="1.0" encoding="UTF-8"?>
<testng-results ignored="0" total="1" passed="1" failed="0" skipped="0">
  <reporter-output>
  </reporter-output>
  <suite started-at="2022-11-11T15:16:04 IST" name="Default suite" finished-at="2022-11-11T15:16:07 IST" duration-ms="2855">
    <groups>
    </groups>
    <test started-at="2022-11-11T15:16:04 IST" name="Default test" finished-at="2022-11-11T15:16:07 IST" duration-ms="2855">
      <class name="AppTest.GoogleTest">
        <test-method is-config="true" signature="setup()[pri:0, instance:AppTest.GoogleTest@5677323c]" started-at="2022-11-11T15:16:04 IST" name="setup" finished-at="2022-11-11T15:16:05 IST" duration-ms="1488" status="PASS">
          <reporter-output>
          </reporter-output>
        </test-method> <!-- setup -->
        <test-method signature="searchFieldTest()[pri:0, instance:AppTest.GoogleTest@5677323c]" started-at="2022-11-11T15:16:05 IST" name="searchFieldTest" finished-at="2022-11-11T15:16:07 IST" duration-ms="1242" status="PASS">
          <reporter-output>
          </reporter-output>
        </test-method> <!-- searchFieldTest -->
        <test-method is-config="true" signature="tearDown()[pri:0, instance:AppTest.GoogleTest@5677323c]" started-at="2022-11-11T15:16:07 IST" name="tearDown" finished-at="2022-11-11T15:16:07 IST" duration-ms="111" status="PASS">
          <reporter-output>
          </reporter-output>
        </test-method> <!-- tearDown -->
        <test-method is-config="true" signature="tearDown()[pri:0, instance:AppTest.GoogleTest@5677323c]" started-at="2022-11-11T15:16:07 IST" name="tearDown" finished-at="2022-11-11T15:16:07 IST" duration-ms="0" status="PASS">
          <reporter-output>
          </reporter-output>
        </test-method> <!-- tearDown -->
      </class> <!-- AppTest.GoogleTest -->
    </test> <!-- Default test -->
  </suite> <!-- Default suite -->
</testng-results>
